2022-08-10 23:14:45:1445 - [32minfo[39m: [32mAplicação está funcionando na porta: 3000[39m
2022-08-10 23:14:52:1452 - [32minfo[39m: [32mAplicação está funcionando na porta: 3000[39m
2022-08-10 23:15:15 - [32minfo[39m: [32mAplicação está funcionando na porta: 3000[39m
2022-08-10 23:15:22 - [32minfo[39m: [32mAplicação está funcionando na porta: 3000[39m
2022-08-10 23:15:40 - [32minfo[39m: [32mConectou ao banco de dados![39m
2022-08-10 23:15:40 - [32minfo[39m: [32mAplicação está funcionando na porta: 3000[39m
2022-08-10 23:15:52 - [32minfo[39m: [32mConectou ao banco de dados![39m
2022-08-10 23:15:52 - [32minfo[39m: [32mAplicação está funcionando na porta: 3000[39m
2022-08-10 23:16:13 - [32minfo[39m: [32mConectou ao banco de dados![39m
2022-08-10 23:16:13 - [32minfo[39m: [32mAplicação está funcionando na porta: 3000[39m
2022-08-10 23:16:33 - [32minfo[39m: [32mConectou ao banco de dados![39m
2022-08-10 23:16:33 - [32minfo[39m: [32mAplicação está funcionando na porta: 3000[39m
2022-08-10 23:17:17 - [32minfo[39m: [32mConectou ao banco de dados![39m
2022-08-10 23:17:17 - [32minfo[39m: [32mAplicação está funcionando na porta: 3000[39m
2022-08-10 23:17:41 - [31merror[39m: [31mNão foi possivel conectar![39m
2022-08-10 23:17:46 - [32minfo[39m: [32mConectou ao banco de dados![39m
2022-08-10 23:17:46 - [32minfo[39m: [32mAplicação está funcionando na porta: 3000[39m
2022-08-23 20:26:16 - [32minfo[39m: [32mConectou ao banco de dados![39m
2022-08-23 20:26:16 - [32minfo[39m: [32mAplicação está funcionando na porta: 3000[39m
2022-08-23 20:27:18 - [32minfo[39m: [32mConectou ao banco de dados![39m
2022-08-23 20:27:18 - [32minfo[39m: [32mAplicação está funcionando na porta: 3000[39m
2022-08-23 20:27:24 - [32minfo[39m: [32mConectou ao banco de dados![39m
2022-08-23 20:27:24 - [32minfo[39m: [32mAplicação está funcionando na porta: 3000[39m
2022-08-23 20:27:29 - [32minfo[39m: [32mConectou ao banco de dados![39m
2022-08-23 20:27:29 - [32minfo[39m: [32mAplicação está funcionando na porta: 3000[39m
2022-08-23 20:29:58 - [32minfo[39m: [32mConectou ao banco de dados![39m
2022-08-23 20:29:58 - [32minfo[39m: [32mAplicação está funcionando na porta: 3000[39m
2022-08-23 20:31:05 - [32minfo[39m: [32mConectou ao banco de dados![39m
2022-08-23 20:31:05 - [32minfo[39m: [32mAplicação está funcionando na porta: 3000[39m
2022-08-23 20:31:09 - [35mhttp[39m: [35mGET /api/test 200 29 - 3.458 ms[39m
[35m[39m
2022-08-23 20:31:16 - [32minfo[39m: [32mConectou ao banco de dados![39m
2022-08-23 20:31:16 - [32minfo[39m: [32mAplicação está funcionando na porta: 3000[39m
2022-08-23 20:40:44 - [32minfo[39m: [32mConectou ao banco de dados![39m
2022-08-23 20:40:44 - [32minfo[39m: [32mAplicação está funcionando na porta: 3000[39m
2022-08-23 20:40:58 - [32minfo[39m: [32mConectou ao banco de dados![39m
2022-08-23 20:40:58 - [32minfo[39m: [32mAplicação está funcionando na porta: 3000[39m
2022-08-23 20:41:00 - [32minfo[39m: [32mConectou ao banco de dados![39m
2022-08-23 20:41:00 - [32minfo[39m: [32mAplicação está funcionando na porta: 3000[39m
2022-08-23 20:41:12 - [32minfo[39m: [32mConectou ao banco de dados![39m
2022-08-23 20:41:12 - [32minfo[39m: [32mAplicação está funcionando na porta: 3000[39m
2022-08-23 20:42:38 - [32minfo[39m: [32mConectou ao banco de dados![39m
2022-08-23 20:42:38 - [32minfo[39m: [32mAplicação está funcionando na porta: 3000[39m
2022-08-23 20:42:40 - [32minfo[39m: [32mConectou ao banco de dados![39m
2022-08-23 20:42:40 - [32minfo[39m: [32mAplicação está funcionando na porta: 3000[39m
2022-08-23 20:42:42 - [32minfo[39m: [32mConectou ao banco de dados![39m
2022-08-23 20:42:42 - [32minfo[39m: [32mAplicação está funcionando na porta: 3000[39m
2022-08-23 20:42:48 - [35mhttp[39m: [35mPOST /api/api/movie 404 153 - 4.093 ms[39m
[35m[39m
2022-08-23 20:43:13 - [35mhttp[39m: [35mPOST /api/movie 200 15 - 3.523 ms[39m
[35m[39m
2022-08-23 20:44:13 - [35mhttp[39m: [35mGET /api/movie 404 148 - 0.906 ms[39m
[35m[39m
2022-08-23 20:44:19 - [35mhttp[39m: [35mGET /api/movie 404 148 - 0.449 ms[39m
[35m[39m
2022-08-23 20:44:31 - [35mhttp[39m: [35mPOST /api/movie 200 15 - 0.594 ms[39m
[35m[39m
2022-08-23 20:53:32 - [32minfo[39m: [32mConectou ao banco de dados![39m
2022-08-23 20:53:32 - [32minfo[39m: [32mAplicação está funcionando na porta: 3000[39m
2022-08-23 20:53:34 - [32minfo[39m: [32mConectou ao banco de dados![39m
2022-08-23 20:53:34 - [32minfo[39m: [32mAplicação está funcionando na porta: 3000[39m
2022-08-23 20:54:05 - [35mhttp[39m: [35mPOST /api/movie 201 131 - 47.085 ms[39m
[35m[39m
2022-08-23 20:56:46 - [35mhttp[39m: [35mPOST /api/movie 201 152 - 24.987 ms[39m
[35m[39m
